<?xml version="1.0" encoding="UTF-8"?>
<!-- Generated by org.testng.reporters.JUnitReportReporter -->
<testsuite hostname="SaiShivaPC" name="com.selenium.training.TestNgPrg" tests="2" failures="0" timestamp="10 Dec 2017 01:42:27 GMT" time="26.211" errors="0">
  <testcase name="bing" time="18.552" classname="com.selenium.training.TestNgPrg"/>
  <testcase name="gmail" time="7.659" classname="com.selenium.training.TestNgPrg"/>
</testsuite> <!-- com.selenium.training.TestNgPrg -->
