<?xml version="1.0" encoding="UTF-8"?>
<!-- Generated by org.testng.reporters.JUnitReportReporter -->
<testsuite hostname="SaiShivaPC" name="com.selenium.Assg.JseExecutorAssg" tests="1" failures="0" timestamp="10 Dec 2017 01:51:15 GMT" time="14.774" errors="0">
  <testcase name="chromePrg" time="14.774" classname="com.selenium.Assg.JseExecutorAssg"/>
</testsuite> <!-- com.selenium.Assg.JseExecutorAssg -->
